<?xml version="1.0" encoding="UTF-8"?>
<testsuite xmlns:xsi="http://www.w3.org/2001/XMLSchema-instance" xsi:noNamespaceSchemaLocation="https://maven.apache.org/surefire/maven-surefire-plugin/xsd/surefire-test-report-3.0.xsd" version="3.0" name="com.udath.chatapp.ChatappApplicationTests" time="2.511" tests="1" errors="0" skipped="0" failures="0">
  <properties>
[...]
</properties>
  <testcase name="contextLoads" classname="com.udath.chatapp.ChatappApplicationTests" time="0.792">
    <system-out><![CDATA[18:12:59.224 [main] INFO org.springframework.test.context.support.AnnotationConfigContextLoaderUtils -- Could not detect default configuration classes for test class [com.udath.chatapp.ChatappApplicationTests]: ChatappApplicationTests does not declare any static, non-private, non-final, nested classes annotated with @Configuration.
18:12:59.325 [main] INFO org.springframework.boot.test.context.SpringBootTestContextBootstrapper -- Found @SpringBootConfiguration com.udath.chatapp.ChatappApplication for test class com.udath.chatapp.ChatappApplicationTests

  .   ____          _            __ _ _
 /\\ / ___'_ __ _ _(_)_ __  __ _ \ \ \ \
( ( )\___ | '_ | '_| | '_ \/ _` | \ \ \ \
 \\/  ___)| |_)| | | | | || (_| |  ) ) ) )
  '  |____| .__|_| |_|_| |_\__, | / / / /
 =========|_|==============|___/=/_/_/_/
 :: Spring Boot ::                (v3.1.2)

2023-07-26T18:12:59.762+05:30  INFO 16548 --- [           main] c.udath.chatapp.ChatappApplicationTests  : Starting ChatappApplicationTests using Java 17.0.5 with PID 16548 (started by udath in C:\Users\udath\OneDrive\Desktop\chatapp)
2023-07-26T18:12:59.763+05:30  INFO 16548 --- [           main] c.udath.chatapp.ChatappApplicationTests  : No active profile set, falling back to 1 default profile: "default"
2023-07-26T18:13:00.696+05:30  INFO 16548 --- [           main] o.s.b.a.w.s.WelcomePageHandlerMapping    : Adding welcome page: class path resource [static/index.html]
2023-07-26T18:13:00.781+05:30  INFO 16548 --- [           main] o.s.m.s.b.SimpleBrokerMessageHandler     : Starting...
2023-07-26T18:13:00.783+05:30  INFO 16548 --- [           main] o.s.m.s.b.SimpleBrokerMessageHandler     : BrokerAvailabilityEvent[available=true, SimpleBrokerMessageHandler [org.springframework.messaging.simp.broker.DefaultSubscriptionRegistry@7fc420b8]]
2023-07-26T18:13:00.784+05:30  INFO 16548 --- [           main] o.s.m.s.b.SimpleBrokerMessageHandler     : Started.
2023-07-26T18:13:00.791+05:30  INFO 16548 --- [           main] c.udath.chatapp.ChatappApplicationTests  : Started ChatappApplicationTests in 1.28 seconds (process running for 2.41)
]]></system-out>
  </testcase>
</testsuite>